# JRE version: OpenJDK Runtime Environment (21.0.10) (build 21.0.10+-14961533-b1163.108)
# Java VM: OpenJDK 64-Bit Server VM (21.0.10+-14961533-b1163.108, mixed mode, tiered, compressed oops, compressed class ptrs, g1 gc, windows-amd64)
GC Precious Log:
 CardTable entry size: 512
 Card Set container configuration: InlinePtr #cards 4 size 8 Array Of Cards #cards 16 size 48 Howl #buckets 8 coarsen threshold 3686 Howl Bitmap #cards 512 size 80 coarsen threshold 460 Card regions per heap region 1 cards per card region 4096
 CPUs: 2 total, 2 available
 Memory: 3977M
 Large Page Support: Disabled
 NUMA Support: Disabled
 Compressed Oops: Enabled (Zero based)
 Heap Region Size: 2M
 Heap Min Capacity: 8M
 Heap Initial Capacity: 64M
 Heap Max Capacity: 4G
 Pre-touch: Disabled
 Parallel Workers: 2
 Concurrent Workers: 1
 Concurrent Refinement Workers: 2
 Periodic GC: Disabled
Heap:
 garbage-first heap   total 147456K, used 88536K [0x0000000700000000, 0x0000000800000000)
  region size 2048K, 16 young (32768K), 3 survivors (6144K)
 Metaspace       used 63378K, committed 64832K, reserved 1114112K
  class space    used 8519K, committed 9216K, reserved 1048576K
GC Heap History (20 events):
Event: 104.498 GC heap before
{Heap before GC invocations=42 (full 0):
 garbage-first heap   total 122880K, used 116541K [0x0000000700000000, 0x0000000800000000)
  region size 2048K, 29 young (59392K), 2 survivors (4096K)
 Metaspace       used 60310K, committed 61568K, reserved 1114112K
  class space    used 8239K, committed 8832K, reserved 1048576K
}
Event: 104.517 GC heap after
{Heap after GC invocations=43 (full 0):
 garbage-first heap   total 122880K, used 61637K [0x0000000700000000, 0x0000000800000000)
  region size 2048K, 3 young (6144K), 3 survivors (6144K)
 Metaspace       used 60310K, committed 61568K, reserved 1114112K
  class space    used 8239K, committed 8832K, reserved 1048576K
}
Event: 106.815 GC heap before
{Heap before GC invocations=44 (full 0):
 garbage-first heap   total 122880K, used 112837K [0x0000000700000000, 0x0000000800000000)
  region size 2048K, 29 young (59392K), 3 survivors (6144K)
 Metaspace       used 60302K, committed 61568K, reserved 1114112K
  class space    used 8235K, committed 8832K, reserved 1048576K
}
Event: 106.831 GC heap after
{Heap after GC invocations=45 (full 0):
 garbage-first heap   total 122880K, used 61245K [0x0000000700000000, 0x0000000800000000)
  region size 2048K, 2 young (4096K), 2 survivors (4096K)
 Metaspace       used 60302K, committed 61568K, reserved 1114112K
  class space    used 8235K, committed 8832K, reserved 1048576K
}
Event: 111.860 GC heap before
{Heap before GC invocations=45 (full 0):
 garbage-first heap   total 122880K, used 116541K [0x0000000700000000, 0x0000000800000000)
  region size 2048K, 29 young (59392K), 2 survivors (4096K)
 Metaspace       used 60302K, committed 61568K, reserved 1114112K
  class space    used 8235K, committed 8832K, reserved 1048576K
}
Event: 111.879 GC heap after
{Heap after GC invocations=46 (full 0):
 garbage-first heap   total 122880K, used 61617K [0x0000000700000000, 0x0000000800000000)
  region size 2048K, 3 young (6144K), 3 survivors (6144K)
 Metaspace       used 60302K, committed 61568K, reserved 1114112K
  class space    used 8235K, committed 8832K, reserved 1048576K
}
Event: 115.578 GC heap before
{Heap before GC invocations=47 (full 0):
 garbage-first heap   total 122880K, used 112817K [0x0000000700000000, 0x0000000800000000)
  region size 2048K, 29 young (59392K), 3 survivors (6144K)
 Metaspace       used 60307K, committed 61568K, reserved 1114112K
  class space    used 8235K, committed 8832K, reserved 1048576K
}
Event: 115.598 GC heap after
{Heap after GC invocations=48 (full 0):
 garbage-first heap   total 122880K, used 61784K [0x0000000700000000, 0x0000000800000000)
  region size 2048K, 3 young (6144K), 3 survivors (6144K)
 Metaspace       used 60307K, committed 61568K, reserved 1114112K
  class space    used 8235K, committed 8832K, reserved 1048576K
}
Event: 118.303 GC heap before
{Heap before GC invocations=48 (full 0):
 garbage-first heap   total 122880K, used 112984K [0x0000000700000000, 0x0000000800000000)
  region size 2048K, 29 young (59392K), 3 survivors (6144K)
 Metaspace       used 60318K, committed 61632K, reserved 1114112K
  class space    used 8236K, committed 8832K, reserved 1048576K
}
Event: 118.323 GC heap after
{Heap after GC invocations=49 (full 0):
 garbage-first heap   total 147456K, used 62078K [0x0000000700000000, 0x0000000800000000)
  region size 2048K, 2 young (4096K), 2 survivors (4096K)
 Metaspace       used 60318K, committed 61632K, reserved 1114112K
  class space    used 8236K, committed 8832K, reserved 1048576K
}
Event: 119.994 GC heap before
{Heap before GC invocations=50 (full 0):
 garbage-first heap   total 147456K, used 135806K [0x0000000700000000, 0x0000000800000000)
  region size 2048K, 38 young (77824K), 2 survivors (4096K)
 Metaspace       used 60325K, committed 61632K, reserved 1114112K
  class space    used 8237K, committed 8832K, reserved 1048576K
}
Event: 120.003 GC heap after
{Heap after GC invocations=51 (full 0):
 garbage-first heap   total 147456K, used 61241K [0x0000000700000000, 0x0000000800000000)
  region size 2048K, 1 young (2048K), 1 survivors (2048K)
 Metaspace       used 60325K, committed 61632K, reserved 1114112K
  class space    used 8237K, committed 8832K, reserved 1048576K
}
Event: 121.081 GC heap before
{Heap before GC invocations=51 (full 0):
 garbage-first heap   total 147456K, used 137017K [0x0000000700000000, 0x0000000800000000)
  region size 2048K, 38 young (77824K), 1 survivors (2048K)
 Metaspace       used 60327K, committed 61632K, reserved 1114112K
  class space    used 8237K, committed 8832K, reserved 1048576K
}
Event: 121.091 GC heap after
{Heap after GC invocations=52 (full 0):
 garbage-first heap   total 147456K, used 61864K [0x0000000700000000, 0x0000000800000000)
  region size 2048K, 2 young (4096K), 2 survivors (4096K)
 Metaspace       used 60327K, committed 61632K, reserved 1114112K
  class space    used 8237K, committed 8832K, reserved 1048576K
}
Event: 144.315 GC heap before
{Heap before GC invocations=53 (full 0):
 garbage-first heap   total 147456K, used 135592K [0x0000000700000000, 0x0000000800000000)
  region size 2048K, 38 young (77824K), 2 survivors (4096K)
 Metaspace       used 60390K, committed 61696K, reserved 1114112K
  class space    used 8234K, committed 8832K, reserved 1048576K
}
Event: 144.329 GC heap after
{Heap after GC invocations=54 (full 0):
 garbage-first heap   total 147456K, used 62280K [0x0000000700000000, 0x0000000800000000)
  region size 2048K, 2 young (4096K), 2 survivors (4096K)
 Metaspace       used 60390K, committed 61696K, reserved 1114112K
  class space    used 8234K, committed 8832K, reserved 1048576K
}
Event: 150.064 GC heap before
{Heap before GC invocations=54 (full 0):
 garbage-first heap   total 147456K, used 133960K [0x0000000700000000, 0x0000000800000000)
  region size 2048K, 38 young (77824K), 2 survivors (4096K)
 Metaspace       used 63374K, committed 64832K, reserved 1114112K
  class space    used 8518K, committed 9216K, reserved 1048576K
}
Event: 150.084 GC heap after
{Heap after GC invocations=55 (full 0):
 garbage-first heap   total 147456K, used 63289K [0x0000000700000000, 0x0000000800000000)
  region size 2048K, 2 young (4096K), 2 survivors (4096K)
 Metaspace       used 63374K, committed 64832K, reserved 1114112K
  class space    used 8518K, committed 9216K, reserved 1048576K
}
Event: 152.580 GC heap before
{Heap before GC invocations=56 (full 0):
 garbage-first heap   total 147456K, used 137017K [0x0000000700000000, 0x0000000800000000)
  region size 2048K, 38 young (77824K), 2 survivors (4096K)
 Metaspace       used 63378K, committed 64832K, reserved 1114112K
  class space    used 8519K, committed 9216K, reserved 1048576K
}
Event: 152.597 GC heap after
{Heap after GC invocations=57 (full 0):
 garbage-first heap   total 147456K, used 63960K [0x0000000700000000, 0x0000000800000000)
  region size 2048K, 3 young (6144K), 3 survivors (6144K)
 Metaspace       used 63378K, committed 64832K, reserved 1114112K
  class space    used 8519K, committed 9216K, reserved 1048576K
}

